Using pre-set license
Built from '2020.3/staging' branch; Version is '2020.3.23f1 (c5d91304a876) revision 12966163'; Using compiler version '192528614'; Build Type 'Release'
OS: 'Windows 10 Enterprise LTSC 2019; OS build 17763.4377; Version 1809; 64bit' Language: 'ru' Physical Memory: 32711 MB
BatchMode: 1, IsHumanControllingUs: 0, StartBugReporterOnCrash: 0, Is64bit: 1, IsPro: 0

COMMAND LINE ARGUMENTS:
C:\Program Files\Unity\Hub\Editor\2020.3.23f1\Editor\Unity.exe
-adb2
-batchMode
-noUpm
-name
AssetImportWorker0
-projectPath
C:/SOFT/UNITYAPPS/TZ/RocketPioneer/RocketPioneer
-logFile
Logs/AssetImportWorker0.log
-srvPort
50066
Successfully changed project path to: C:/SOFT/UNITYAPPS/TZ/RocketPioneer/RocketPioneer
C:/SOFT/UNITYAPPS/TZ/RocketPioneer/RocketPioneer
Using Asset Import Pipeline V2.
Refreshing native plugins compatible for Editor in 55.46 ms, found 2 plugins.
Preloading 0 native plugins for Editor in 0.00 ms.
Initialize engine version: 2020.3.23f1 (c5d91304a876)
[Subsystems] Discovering subsystems at path C:/Program Files/Unity/Hub/Editor/2020.3.23f1/Editor/Data/Resources/UnitySubsystems
[Subsystems] Discovering subsystems at path C:/SOFT/UNITYAPPS/TZ/RocketPioneer/RocketPioneer/Assets
GfxDevice: creating device client; threaded=0
Direct3D:
    Version:  Direct3D 11.0 [level 11.1]
    Renderer: NVIDIA GeForce RTX 2070 SUPER (ID=0x1e84)
    Vendor:   
    VRAM:     8011 MB
    Driver:   31.0.15.1694
Initialize mono
Mono path[0] = 'C:/Program Files/Unity/Hub/Editor/2020.3.23f1/Editor/Data/Managed'
Mono path[1] = 'C:/Program Files/Unity/Hub/Editor/2020.3.23f1/Editor/Data/MonoBleedingEdge/lib/mono/unityjit'
Mono config path = 'C:/Program Files/Unity/Hub/Editor/2020.3.23f1/Editor/Data/MonoBleedingEdge/etc'
Using monoOptions --debugger-agent=transport=dt_socket,embedding=1,server=y,suspend=n,address=127.0.0.1:56668
Begin MonoManager ReloadAssembly
Registering precompiled unity dll's ...
Register platform support module: C:/Program Files/Unity/Hub/Editor/2020.3.23f1/Editor/Data/PlaybackEngines/WindowsStandaloneSupport/UnityEditor.WindowsStandalone.Extensions.dll
Registered in 0.001371 seconds.
Native extension for WindowsStandalone target not found
Refreshing native plugins compatible for Editor in 53.97 ms, found 2 plugins.
Preloading 0 native plugins for Editor in 0.00 ms.
Mono: successfully reloaded assembly
- Completed reload, in  0.510 seconds
Domain Reload Profiling:
	ReloadAssembly (510ms)
		BeginReloadAssembly (43ms)
			ExecutionOrderSort (0ms)
			DisableScriptedObjects (0ms)
			BackupInstance (0ms)
			ReleaseScriptingObjects (0ms)
			CreateAndSetChildDomain (1ms)
		EndReloadAssembly (404ms)
			LoadAssemblies (41ms)
			RebuildTransferFunctionScriptingTraits (0ms)
			SetupTypeCache (119ms)
			ReleaseScriptCaches (0ms)
			RebuildScriptCaches (24ms)
			SetupLoadedEditorAssemblies (161ms)
				LogAssemblyErrors (0ms)
				InitializePlatformSupportModulesInManaged (4ms)
				SetLoadedEditorAssemblies (0ms)
				RefreshPlugins (54ms)
				BeforeProcessingInitializeOnLoad (14ms)
				ProcessInitializeOnLoadAttributes (64ms)
				ProcessInitializeOnLoadMethodAttributes (24ms)
				AfterProcessingInitializeOnLoad (0ms)
				EditorAssembliesLoaded (0ms)
			ExecutionOrderSort2 (0ms)
			AwakeInstancesAfterBackupRestoration (0ms)
Platform modules already initialized, skipping
Registering precompiled user dll's ...
Registered in 0.007128 seconds.
Begin MonoManager ReloadAssembly
Native extension for WindowsStandalone target not found
Refreshing native plugins compatible for Editor in 0.62 ms, found 2 plugins.
Preloading 0 native plugins for Editor in 0.00 ms.
Mono: successfully reloaded assembly
- Completed reload, in  0.927 seconds
Domain Reload Profiling:
	ReloadAssembly (928ms)
		BeginReloadAssembly (132ms)
			ExecutionOrderSort (0ms)
			DisableScriptedObjects (4ms)
			BackupInstance (0ms)
			ReleaseScriptingObjects (0ms)
			CreateAndSetChildDomain (17ms)
		EndReloadAssembly (743ms)
			LoadAssemblies (75ms)
			RebuildTransferFunctionScriptingTraits (0ms)
			SetupTypeCache (273ms)
			ReleaseScriptCaches (1ms)
			RebuildScriptCaches (45ms)
			SetupLoadedEditorAssemblies (275ms)
				LogAssemblyErrors (0ms)
				InitializePlatformSupportModulesInManaged (3ms)
				SetLoadedEditorAssemblies (1ms)
				RefreshPlugins (1ms)
				BeforeProcessingInitializeOnLoad (75ms)
				ProcessInitializeOnLoadAttributes (182ms)
				ProcessInitializeOnLoadMethodAttributes (8ms)
				AfterProcessingInitializeOnLoad (5ms)
				EditorAssembliesLoaded (0ms)
			ExecutionOrderSort2 (0ms)
			AwakeInstancesAfterBackupRestoration (5ms)
Platform modules already initialized, skipping
========================================================================
Worker process is ready to serve import requests
Launched and connected shader compiler UnityShaderCompiler.exe after 0.04 seconds
Refreshing native plugins compatible for Editor in 0.61 ms, found 2 plugins.
Preloading 0 native plugins for Editor in 0.00 ms.
Unloading 2654 Unused Serialized files (Serialized files now loaded: 0)
System memory in use before: 107.4 MB.
System memory in use after: 107.5 MB.

Unloading 28 unused Assets to reduce memory usage. Loaded Objects now: 3086.
Total: 3.070700 ms (FindLiveObjects: 0.292000 ms CreateObjectMapping: 0.063500 ms MarkObjects: 2.603100 ms  DeleteObjects: 0.110800 ms)

AssetImportParameters requested are different than current active one (requested -> active):
  custom:framework-win-MediaFoundation: 216162199b28c13a410421893ffa2e32 -> 
  custom:video-decoder-ogg-theora: a1e56fd34408186e4bbccfd4996cb3dc -> 
  custom:container-muxer-webm: aa71ff27fc2769a1b78a27578f13a17b -> 
  custom:container-demuxer-webm: 4f35f7cbe854078d1ac9338744f61a02 -> 
  custom:container-demuxer-ogg: 62fdf1f143b41e24485cea50d1cbac27 -> 
  custom:video-encoder-webm-vp8: eb34c28f22e8b96e1ab97ce403110664 -> 
  custom:video-decoder-webm-vp8: 9c59270c3fd7afecdb556c50c9e8de78 -> 
  custom:audio-decoder-ogg-vorbis: bf7c407c2cedff20999df2af8eb42d56 -> 
  custom:audio-encoder-webm-vorbis: bf7c407c2cedff20999df2af8eb42d56 -> 
========================================================================
Received Import Request.
  path: Assets/Resources/ProjectContext.prefab
  artifactKey: Guid(9872954b6d9247049876697cc3f716b5) Importer(815301076,1909f56bfc062723c751e8b465ee728b)
Start importing Assets/Resources/ProjectContext.prefab using Guid(9872954b6d9247049876697cc3f716b5) Importer(815301076,1909f56bfc062723c751e8b465ee728b)  -> (artifact id: '46306e11966b67d977e518c2c917e12b') in 0.129694 seconds 
  Import took 0.134036 seconds .

========================================================================
Received Import Request.
  Time since last request: 26.496897 seconds.
  path: Assets/Scripts/Buildings/Attachments/Bulb/LightBulbColor.cs
  artifactKey: Guid(735ecf5945a8a434fa8915c9c63493e8) Importer(815301076,1909f56bfc062723c751e8b465ee728b)
Start importing Assets/Scripts/Buildings/Attachments/Bulb/LightBulbColor.cs using Guid(735ecf5945a8a434fa8915c9c63493e8) Importer(815301076,1909f56bfc062723c751e8b465ee728b)  -> (artifact id: '2721bee60cfd005e85f4144e81361c56') in 0.039786 seconds 
  Import took 0.043647 seconds .

========================================================================
Received Import Request.
  Time since last request: 1.689898 seconds.
  path: Assets/Scripts/Buildings/Attachments/Bulb/LightBulbColorInstaller.cs
  artifactKey: Guid(129ce0d471c6bed4b84f8a0d549dc454) Importer(815301076,1909f56bfc062723c751e8b465ee728b)
Start importing Assets/Scripts/Buildings/Attachments/Bulb/LightBulbColorInstaller.cs using Guid(129ce0d471c6bed4b84f8a0d549dc454) Importer(815301076,1909f56bfc062723c751e8b465ee728b)  -> (artifact id: '90796fb54267726a895fc85d5d905d4d') in 0.002434 seconds 
  Import took 0.006322 seconds .

========================================================================
Received Import Request.
  Time since last request: 0.709448 seconds.
  path: Assets/Scripts/Buildings/Attachments/Bulb/LightBulbType.cs
  artifactKey: Guid(9886233d32df1a540bd01152477ec515) Importer(815301076,1909f56bfc062723c751e8b465ee728b)
Start importing Assets/Scripts/Buildings/Attachments/Bulb/LightBulbType.cs using Guid(9886233d32df1a540bd01152477ec515) Importer(815301076,1909f56bfc062723c751e8b465ee728b)  -> (artifact id: 'af152b08527aa0e02739261bd6de7b61') in 0.001855 seconds 
  Import took 0.074962 seconds .

========================================================================
Received Import Request.
  Time since last request: 1.019912 seconds.
  path: Assets/Scripts/Buildings/Attachments/Bulb/LightBulbColorFactory.cs
  artifactKey: Guid(2848fe5143c037e46b70a1e0e73e419d) Importer(815301076,1909f56bfc062723c751e8b465ee728b)
Start importing Assets/Scripts/Buildings/Attachments/Bulb/LightBulbColorFactory.cs using Guid(2848fe5143c037e46b70a1e0e73e419d) Importer(815301076,1909f56bfc062723c751e8b465ee728b)  -> (artifact id: '5ae38cf2bdd49991bde5c702ab8b32d2') in 0.002023 seconds 
  Import took 0.041185 seconds .

========================================================================
Received Import Request.
  Time since last request: 35.735505 seconds.
  path: Assets/Scripts/Buildings/StoragePad
  artifactKey: Guid(e37ba0fb55b14524f85b1a4d5d8e4351) Importer(815301076,1909f56bfc062723c751e8b465ee728b)
Start importing Assets/Scripts/Buildings/StoragePad using Guid(e37ba0fb55b14524f85b1a4d5d8e4351) Importer(815301076,1909f56bfc062723c751e8b465ee728b)  -> (artifact id: '26d58f37dad365efb49842c73b5d06eb') in 0.001820 seconds 
  Import took 0.005653 seconds .

========================================================================
Received Import Request.
  Time since last request: 27.721216 seconds.
  path: Assets/Scriptable
  artifactKey: Guid(90e2f359b6e0fef49bf422c60ac726cf) Importer(815301076,1909f56bfc062723c751e8b465ee728b)
Start importing Assets/Scriptable using Guid(90e2f359b6e0fef49bf422c60ac726cf) Importer(815301076,1909f56bfc062723c751e8b465ee728b)  -> (artifact id: '7906c6083d2cd9dc6be4a94c9f755ddb') in 0.001973 seconds 
  Import took 0.091901 seconds .

========================================================================
Received Import Request.
  Time since last request: 18.384878 seconds.
  path: Assets/Prefabs
  artifactKey: Guid(ed3769d01ba134445be3a487db9e9d4e) Importer(815301076,1909f56bfc062723c751e8b465ee728b)
Start importing Assets/Prefabs using Guid(ed3769d01ba134445be3a487db9e9d4e) Importer(815301076,1909f56bfc062723c751e8b465ee728b)  -> (artifact id: 'cdffbfd7d2ac1c88f3c9496b8106cfdf') in 0.008844 seconds 
  Import took 0.012926 seconds .

========================================================================
Received Import Request.
  Time since last request: 11.845903 seconds.
  path: Assets/ObjectDestroyer.cs
  artifactKey: Guid(51465aba465ec3540a96490f74905e58) Importer(815301076,1909f56bfc062723c751e8b465ee728b)
Start importing Assets/ObjectDestroyer.cs using Guid(51465aba465ec3540a96490f74905e58) Importer(815301076,1909f56bfc062723c751e8b465ee728b)  -> (artifact id: '1be724c1368d7c4437760635693c9cf6') in 0.001839 seconds 
  Import took 0.005517 seconds .

========================================================================
Received Import Request.
  Time since last request: 0.483272 seconds.
  path: Assets/Trash.cs
  artifactKey: Guid(c8296de09d54c654680da8637f472597) Importer(815301076,1909f56bfc062723c751e8b465ee728b)
Start importing Assets/Trash.cs using Guid(c8296de09d54c654680da8637f472597) Importer(815301076,1909f56bfc062723c751e8b465ee728b)  -> (artifact id: '18bd9cf951788a303f0ccd5e2352005a') in 0.022343 seconds 
  Import took 0.026091 seconds .

========================================================================
Received Prepare
Registering precompiled user dll's ...
Registered in 0.006437 seconds.
Begin MonoManager ReloadAssembly
Native extension for WindowsStandalone target not found
Refreshing native plugins compatible for Editor in 0.64 ms, found 2 plugins.
Preloading 0 native plugins for Editor in 0.00 ms.
Mono: successfully reloaded assembly
- Completed reload, in  0.854 seconds
Domain Reload Profiling:
	ReloadAssembly (855ms)
		BeginReloadAssembly (96ms)
			ExecutionOrderSort (0ms)
			DisableScriptedObjects (3ms)
			BackupInstance (0ms)
			ReleaseScriptingObjects (0ms)
			CreateAndSetChildDomain (32ms)
		EndReloadAssembly (706ms)
			LoadAssemblies (71ms)
			RebuildTransferFunctionScriptingTraits (0ms)
			SetupTypeCache (265ms)
			ReleaseScriptCaches (1ms)
			RebuildScriptCaches (35ms)
			SetupLoadedEditorAssemblies (250ms)
				LogAssemblyErrors (0ms)
				InitializePlatformSupportModulesInManaged (3ms)
				SetLoadedEditorAssemblies (0ms)
				RefreshPlugins (1ms)
				BeforeProcessingInitializeOnLoad (66ms)
				ProcessInitializeOnLoadAttributes (167ms)
				ProcessInitializeOnLoadMethodAttributes (7ms)
				AfterProcessingInitializeOnLoad (5ms)
				EditorAssembliesLoaded (0ms)
			ExecutionOrderSort2 (0ms)
			AwakeInstancesAfterBackupRestoration (5ms)
Platform modules already initialized, skipping
Switching build target platform(19) subTarget(0) extendedPlatform(0) -> platform(13) subTarget(537395200) extendedPlatform(0)
Refreshing native plugins compatible for Editor in 0.62 ms, found 2 plugins.
Preloading 0 native plugins for Editor in 0.00 ms.
Unloading 2621 Unused Serialized files (Serialized files now loaded: 0)
System memory in use before: 103.8 MB.
System memory in use after: 104.0 MB.

Unloading 23 unused Assets to reduce memory usage. Loaded Objects now: 3088.
Total: 3.231600 ms (FindLiveObjects: 0.296900 ms CreateObjectMapping: 0.061900 ms MarkObjects: 2.793400 ms  DeleteObjects: 0.077800 ms)

AssetImportParameters requested are different than current active one (requested -> active):
  custom:framework-win-MediaFoundation: 216162199b28c13a410421893ffa2e32 -> 
  custom:video-decoder-ogg-theora: a1e56fd34408186e4bbccfd4996cb3dc -> 
  custom:container-muxer-webm: aa71ff27fc2769a1b78a27578f13a17b -> 
  custom:container-demuxer-webm: 4f35f7cbe854078d1ac9338744f61a02 -> 
  custom:container-demuxer-ogg: 62fdf1f143b41e24485cea50d1cbac27 -> 
  custom:video-encoder-webm-vp8: eb34c28f22e8b96e1ab97ce403110664 -> 
  custom:video-decoder-webm-vp8: 9c59270c3fd7afecdb556c50c9e8de78 -> 
  custom:graphics/normal-map-encoding: 01000000000000000000000000000000 -> 02000000000000000000000000000000
  custom:audio-decoder-ogg-vorbis: bf7c407c2cedff20999df2af8eb42d56 -> 
  custom:audio-encoder-webm-vorbis: bf7c407c2cedff20999df2af8eb42d56 -> 
AssetImportWorkerClient::OnTransportError - code=2 error=End of file
